--- Startup times for process: Primary (or UI client) ---

times in msec
 clock   self+sourced   self:  sourced script
 clock   elapsed:              other lines

000.000  000.000: --- NVIM STARTING ---
000.110  000.110: event init
000.478  000.367: early init
001.241  000.763: locale set
001.288  000.047: init first window
001.944  000.656: inits 1
001.954  000.010: window checked
001.957  000.003: parsing arguments
002.825  000.041  000.041: require('vim.shared')
002.910  000.034  000.034: require('vim.inspect')
002.948  000.031  000.031: require('vim._options')
002.950  000.122  000.057: require('vim._editor')
002.952  000.196  000.033: require('vim._init_packages')
002.953  000.801: init lua interpreter
006.796  003.843: nvim_ui_attach
007.117  000.321: nvim_set_client_info
007.118  000.001: --- NVIM STARTED ---

--- Startup times for process: Embedded ---

times in msec
 clock   self+sourced   self:  sourced script
 clock   elapsed:              other lines

000.000  000.000: --- NVIM STARTING ---
000.066  000.066: event init
000.185  000.118: early init
000.501  000.316: locale set
000.530  000.029: init first window
000.871  000.341: inits 1
000.885  000.014: window checked
000.887  000.002: parsing arguments
001.298  000.033  000.033: require('vim.shared')
001.372  000.032  000.032: require('vim.inspect')
001.405  000.027  000.027: require('vim._options')
001.407  000.106  000.047: require('vim._editor')
001.408  000.166  000.027: require('vim._init_packages')
001.410  000.357: init lua interpreter
003.381  001.971: expanding arguments
003.394  000.013: inits 2
003.605  000.211: init highlight
003.606  000.001: waiting for UI
003.745  000.139: done waiting for UI
003.750  000.005: clear screen
003.861  000.009  000.009: require('vim.keymap')
004.688  000.151  000.151: sourcing nvim_exec2()
004.869  001.116  000.957: require('vim._defaults')
004.870  000.004: init default mappings & autocommands
005.552  000.240  000.240: sourcing /opt/homebrew/Cellar/neovim/0.11.6/share/nvim/runtime/ftplugin.vim
005.765  000.146  000.146: sourcing /opt/homebrew/Cellar/neovim/0.11.6/share/nvim/runtime/indent.vim
006.852  000.281  000.281: require('settings.auto-commands')
007.724  000.170  000.170: sourcing /opt/homebrew/Cellar/neovim/0.11.6/share/nvim/runtime/syntax/synload.vim
008.268  000.019  000.019: sourcing nvim_exec2() called at /opt/homebrew/Cellar/neovim/0.11.6/share/nvim/runtime/filetype.lua:0
008.270  000.455  000.436: sourcing /opt/homebrew/Cellar/neovim/0.11.6/share/nvim/runtime/filetype.lua
009.376  001.032  001.032: require('vim.filetype')
010.976  001.325  001.325: require('vim.filetype.detect')
011.039  003.711  000.731: sourcing /opt/homebrew/Cellar/neovim/0.11.6/share/nvim/runtime/syntax/syntax.vim
011.041  003.771  000.060: sourcing nvim_exec2() called at /Users/tieppo/.config/nvim/init.lua:0
011.129  000.045  000.045: sourcing /opt/homebrew/Cellar/neovim/0.11.6/share/nvim/runtime/filetype.lua
011.178  000.009  000.009: sourcing /opt/homebrew/Cellar/neovim/0.11.6/share/nvim/runtime/ftplugin.vim
011.220  000.006  000.006: sourcing /opt/homebrew/Cellar/neovim/0.11.6/share/nvim/runtime/indent.vim
011.226  000.182  000.122: sourcing nvim_exec2() called at /Users/tieppo/.config/nvim/init.lua:0
011.233  000.005  000.005: sourcing nvim_exec2() called at /Users/tieppo/.config/nvim/init.lua:0
011.252  004.397  000.439: require('settings.core')
011.527  000.272  000.272: require('settings.health')
013.437  000.007  000.007: require('vim.F')
013.468  001.529  001.522: require('vim.diagnostic')
013.493  001.965  000.436: require('settings.keymaps')
013.745  000.250  000.250: require('settings.schedules')
013.747  007.688  000.522: require('settings')
014.314  000.514  000.514: require('utils.scan_modules_imports')
014.896  000.299  000.299: require('lazy')
014.915  000.010  000.010: require('ffi')
014.949  000.021  000.021: require('vim.fs')
015.233  000.283  000.283: require('vim.uri')
015.244  000.328  000.024: require('vim.loader')
015.724  000.466  000.466: require('lazy.stats')
016.690  000.931  000.931: require('lazy.core.util')
016.841  000.149  000.149: require('lazy.core.config')
017.188  000.114  000.114: require('lazy.core.handler')
017.707  000.132  000.132: require('lazy.pkg')
017.710  000.262  000.130: require('lazy.core.meta')
017.714  000.525  000.263: require('lazy.core.plugin')
017.721  000.879  000.241: require('lazy.core.loader')
018.268  000.154  000.154: require('lazy.core.fragments')
027.371  000.145  000.145: require('lazy.core.handler.event')
027.499  000.127  000.127: require('lazy.core.handler.keys')
027.577  000.077  000.077: require('lazy.core.handler.ft')
027.656  000.077  000.077: require('lazy.core.handler.cmd')
028.055  000.003  000.003: sourcing nvim_exec2() called at /Users/tieppo/.config/nvim/init.lua:0
028.062  000.001  000.001: sourcing nvim_exec2() called at /Users/tieppo/.config/nvim/init.lua:0
028.174  000.001  000.001: sourcing nvim_exec2() called at /Users/tieppo/.config/nvim/init.lua:0
028.180  000.001  000.001: sourcing nvim_exec2() called at /Users/tieppo/.config/nvim/init.lua:0
028.510  000.001  000.001: sourcing nvim_exec2() called at /Users/tieppo/.config/nvim/init.lua:0
028.515  000.001  000.001: sourcing nvim_exec2() called at /Users/tieppo/.config/nvim/init.lua:0
028.920  000.001  000.001: sourcing nvim_exec2() called at /Users/tieppo/.config/nvim/init.lua:0
028.926  000.001  000.001: sourcing nvim_exec2() called at /Users/tieppo/.config/nvim/init.lua:0
029.163  000.186  000.186: sourcing /opt/homebrew/Cellar/neovim/0.11.6/share/nvim/runtime/filetype.lua
029.165  000.223  000.037: sourcing nvim_exec2() called at /Users/tieppo/.config/nvim/init.lua:0
029.600  000.138  000.138: sourcing /Users/tieppo/.local/share/nvim/lazy/nightfox.nvim/plugin/nightfox.vim
029.602  000.175  000.037: sourcing nvim_exec2() called at /Users/tieppo/.config/nvim/init.lua:0
029.605  000.001  000.001: sourcing nvim_exec2() called at /Users/tieppo/.config/nvim/init.lua:0
029.610  000.001  000.001: sourcing nvim_exec2() called at /Users/tieppo/.config/nvim/init.lua:0
030.856  000.183  000.183: require('nightfox.lib.collect')
031.541  000.684  000.684: require('nightfox.util')
031.598  001.303  000.435: require('nightfox.config')
031.699  000.100  000.100: require('nightfox')
031.790  000.089  000.089: require('nightfox.override')
032.088  000.174  000.174: require('nightfox.lib.hash')
032.855  002.718  001.051: sourcing /Users/tieppo/.local/share/nvim/lazy/nightfox.nvim/colors/carbonfox.vim
033.437  000.338  000.338: require('snacks')
033.438  000.507  000.168: sourcing /Users/tieppo/.local/share/nvim/lazy/snacks.nvim/plugin/snacks.lua
033.440  000.538  000.032: sourcing nvim_exec2() called at /Users/tieppo/.config/nvim/init.lua:0
033.443  000.001  000.001: sourcing nvim_exec2() called at /Users/tieppo/.config/nvim/init.lua:0
033.449  000.001  000.001: sourcing nvim_exec2() called at /Users/tieppo/.config/nvim/init.lua:0
033.517  000.001  000.001: sourcing nvim_exec2() called at /Users/tieppo/.config/nvim/init.lua:0
033.521  000.001  000.001: sourcing nvim_exec2() called at /Users/tieppo/.config/nvim/init.lua:0
034.115  000.136  000.136: require('neogen.config')
035.006  000.890  000.890: require('neogen.utilities.helpers')
035.126  000.119  000.119: require('neogen.mark')
035.129  001.563  000.417: require('neogen')
035.138  000.004  000.004: sourcing nvim_exec2() called at /Users/tieppo/.config/nvim/init.lua:0
035.343  000.129  000.129: sourcing /Users/tieppo/.local/share/nvim/lazy/nvim-web-devicons/plugin/nvim-web-devicons.vim
035.345  000.163  000.034: sourcing nvim_exec2() called at /Users/tieppo/.config/nvim/init.lua:0
035.347  000.001  000.001: sourcing nvim_exec2() called at /Users/tieppo/.config/nvim/init.lua:0
035.352  000.000  000.000: sourcing nvim_exec2() called at /Users/tieppo/.config/nvim/init.lua:0
035.915  000.155  000.155: require('nvim-web-devicons.filetypes')
036.993  000.922  000.922: require('nvim-web-devicons.default.icons_by_filename')
037.725  000.730  000.730: require('nvim-web-devicons.default.icons_by_file_extension')
037.824  000.099  000.099: require('nvim-web-devicons.default.icons_by_operating_system')
037.902  000.076  000.076: require('nvim-web-devicons.default.icons_by_desktop_environment')
038.016  000.113  000.113: require('nvim-web-devicons.default.icons_by_window_manager')
038.017  002.086  000.146: require('nvim-web-devicons.icons-default')
038.219  002.822  000.581: require('nvim-web-devicons')
039.412  000.002  000.002: sourcing nvim_exec2() called at /Users/tieppo/.config/nvim/init.lua:0
039.416  000.001  000.001: sourcing nvim_exec2() called at /Users/tieppo/.config/nvim/init.lua:0
040.341  000.001  000.001: sourcing nvim_exec2() called at /Users/tieppo/.config/nvim/init.lua:0
040.344  000.001  000.001: sourcing nvim_exec2() called at /Users/tieppo/.config/nvim/init.lua:0
041.794  000.912  000.912: require('mason-core.path')
042.227  000.134  000.134: require('mason-core.functional.data')
042.995  000.742  000.742: require('mason-core.functional.function')
043.276  000.266  000.266: require('mason-core.functional.list')
043.397  000.108  000.108: require('mason-core.functional.relation')
043.509  000.110  000.110: require('mason-core.functional.logic')
043.618  000.107  000.107: require('mason-core.functional.number')
043.816  000.197  000.197: require('mason-core.functional.string')
044.625  000.806  000.806: require('mason-core.functional.table')
044.716  000.089  000.089: require('mason-core.functional.type')
044.718  002.833  000.274: require('mason-core.functional')
044.741  002.946  000.113: require('mason-core.platform')
044.924  000.182  000.182: require('mason.settings')
044.927  004.250  000.209: require('mason-core.installer.InstallLocation')
046.141  000.086  000.086: require('mason-core.log')
046.142  000.181  000.095: require('mason-core.EventEmitter')
046.213  000.070  000.070: require('mason-registry.sources')
046.216  001.288  001.037: require('mason-registry')
046.217  005.840  000.302: require('mason')
046.421  000.123  000.123: require('mason.api.command')
046.444  006.722  000.757: require('mason-core.functional')
046.602  000.157  000.157: require('mason-lspconfig.settings')
046.603  007.092  000.213: require('mason-lspconfig')
046.766  000.160  000.160: require('mason-core.async')
047.853  000.919  000.919: require('mason-core.async.control')
047.952  000.096  000.096: require('mason-core.result')
048.112  000.079  000.079: require('mason-core.async.uv')
048.134  000.180  000.101: require('mason-core.fs')
048.139  001.372  000.176: require('mason-registry.installer')
048.643  000.096  000.096: require('mason-core.process')
048.713  000.069  000.069: require('mason-core.spawn')
048.715  000.233  000.068: require('mason-core.installer.managers.powershell')
048.876  000.160  000.160: require('mason.version')
048.877  000.468  000.074: require('mason-core.fetch')
048.945  000.067  000.067: require('mason-core.providers')
049.117  000.107  000.107: require('mason-core.optional')
050.673  000.124  000.124: require('mason-core.purl')
050.677  001.371  001.246: require('mason-core.package.AbstractPackage')
051.119  000.087  000.087: require('mason-core.installer.compiler.expr')
051.124  000.257  000.170: require('mason-core.installer.compiler.link')
051.569  000.085  000.085: require('mason-core.installer.context.InstallContextCwd')
051.652  000.082  000.082: require('mason-core.installer.context.InstallContextFs')
051.744  000.091  000.091: require('mason-core.installer.context.InstallContextSpawn')
051.823  000.078  000.078: require('mason-core.receipt')
051.833  000.485  000.150: require('mason-core.installer.context')
051.834  000.560  000.075: require('mason-core.installer')
051.860  000.668  000.107: require('mason-core.installer.managers.std')
051.862  000.737  000.070: require('mason-core.installer.compiler.schemas')
051.935  000.072  000.072: require('mason-core.installer.compiler.util')
051.941  001.169  000.103: require('mason-core.installer.compiler')
052.022  000.080  000.080: require('mason-core.installer.linker')
052.024  001.346  000.097: require('mason-core.installer.InstallRunner')
052.097  000.073  000.073: require('mason-core.installer.UninstallRunner')
052.104  002.987  000.197: require('mason-core.package')
052.105  003.160  000.066: require('mason-registry.sources.util')
052.110  003.819  000.124: require('mason-registry.sources.github')
052.350  000.160  000.160: require('mason-registry.sources.synthesized')
054.486  000.115  000.115: require('mason-lspconfig.mappings')
054.488  000.301  000.186: require('mason-lspconfig.features.automatic_enable')
058.609  000.187  000.187: require('vim.lsp.log')
059.570  000.960  000.960: require('vim.lsp.protocol')
059.847  000.276  000.276: require('vim.lsp.util')
060.080  000.151  000.151: require('vim.lsp.sync')
060.082  000.234  000.083: require('vim.lsp._changetracking')
061.657  000.353  000.353: require('vim.lsp._transport')
061.663  001.579  001.226: require('vim.lsp.rpc')
061.704  003.621  000.385: require('vim.lsp')
064.047  000.200  000.200: require('mason-lspconfig.notify')
064.056  000.404  000.205: require('mason-lspconfig.api.command')
065.129  000.977  000.977: sourcing /Users/tieppo/.local/share/nvim/lazy/mason-tool-installer.nvim/plugin/mason-tool-installer.lua
065.131  001.010  000.033: sourcing nvim_exec2() called at /Users/tieppo/.config/nvim/init.lua:0
065.133  000.001  000.001: sourcing nvim_exec2() called at /Users/tieppo/.config/nvim/init.lua:0
065.139  000.001  000.001: sourcing nvim_exec2() called at /Users/tieppo/.config/nvim/init.lua:0
065.483  000.301  000.301: require('mason-tool-installer')
065.694  000.001  000.001: sourcing nvim_exec2() called at /Users/tieppo/.config/nvim/init.lua:0
065.696  000.000  000.000: sourcing nvim_exec2() called at /Users/tieppo/.config/nvim/init.lua:0
065.987  000.266  000.266: require('mason-nvim-dap')
066.108  000.120  000.120: require('mason-nvim-dap.settings')
066.352  000.001  000.001: sourcing nvim_exec2() called at /Users/tieppo/.config/nvim/init.lua:0
066.355  000.001  000.001: sourcing nvim_exec2() called at /Users/tieppo/.config/nvim/init.lua:0
066.463  000.001  000.001: sourcing nvim_exec2() called at /Users/tieppo/.config/nvim/init.lua:0
066.465  000.000  000.000: sourcing nvim_exec2() called at /Users/tieppo/.config/nvim/init.lua:0
066.781  000.261  000.261: sourcing /Users/tieppo/.local/share/nvim/lazy/nvim-dap/plugin/dap.lua
066.783  000.289  000.028: sourcing nvim_exec2() called at /Users/tieppo/.config/nvim/init.lua:0
066.785  000.001  000.001: sourcing nvim_exec2() called at /Users/tieppo/.config/nvim/init.lua:0
066.797  000.000  000.000: sourcing nvim_exec2() called at /Users/tieppo/.config/nvim/init.lua:0
067.498  000.151  000.151: require('dap.utils')
067.556  000.758  000.607: require('dap')
068.589  000.097  000.097: require('nio.tasks')
068.672  000.082  000.082: require('nio.control')
068.807  000.134  000.134: require('nio.uv')
068.900  000.092  000.092: require('nio.tests')
069.136  000.169  000.169: require('vim.ui')
069.140  000.239  000.070: require('nio.ui')
069.275  000.070  000.070: require('nio.streams')
069.280  000.140  000.069: require('nio.file')
069.492  000.067  000.067: require('nio.util')
069.702  000.205  000.205: require('vim.iter')
069.731  000.375  000.103: require('nio.logger')
069.733  000.452  000.078: require('nio.lsp')
069.803  000.069  000.069: require('nio.process')
069.827  002.116  000.811: require('nio')
070.226  000.005  000.005: sourcing nvim_exec2() called at /Users/tieppo/.config/nvim/init.lua:0
070.227  000.083  000.078: require('dapui.config.highlights')
070.248  000.018  000.018: sourcing nvim_exec2() called at /Users/tieppo/.config/nvim/init.lua:0
070.311  000.321  000.220: require('dapui.config')
070.315  000.407  000.086: require('dapui.util')
070.472  000.157  000.157: require('dapui.windows.layout')
070.475  000.646  000.082: require('dapui.windows')
070.556  000.080  000.080: require('dapui.controls')
070.560  003.003  000.160: require('dapui')
070.796  000.161  000.161: require('mason-nvim-dap.mappings.source')
070.797  000.229  000.068: require('mason-nvim-dap.ensure_installed')
070.927  000.066  000.066: require('mason-nvim-dap.automatic_installation')
071.081  000.152  000.152: require('mason-core.notify')
071.406  000.140  000.140: require('mason-nvim-dap.mappings.adapters')
071.475  000.069  000.069: require('mason-nvim-dap.mappings.filetypes')
076.192  004.716  004.716: require('mason-nvim-dap.mappings.configurations')
076.398  000.205  000.205: require('mason-nvim-dap.mappings.adapters.codelldb')
076.480  000.080  000.080: require('mason-nvim-dap.automatic_setup')
076.627  000.091  000.091: require('mason-nvim-dap.mappings.adapters.delve')
076.735  000.082  000.082: require('dap.ext.vscode')
076.954  000.084  000.084: require('mason-nvim-dap.api.command')
077.055  000.014  000.014: sourcing nvim_exec2() called at /Users/tieppo/.config/nvim/init.lua:0
077.226  000.084  000.084: require('dapui.client.types')
077.227  000.156  000.072: require('dapui.client')
077.296  000.068  000.068: require('dap.breakpoints')
077.398  000.084  000.084: require('dapui.client.lib')
077.552  000.089  000.089: require('dapui.render.canvas')
077.553  000.152  000.063: require('dapui.elements.breakpoints')
077.697  000.120  000.120: require('dapui.components.breakpoints')
077.781  000.076  000.076: require('dapui.elements.repl')
077.846  000.064  000.064: require('dapui.elements.scopes')
078.070  000.181  000.181: require('dapui.components.scopes')
078.184  000.113  000.113: require('dapui.components.variables')
078.904  000.714  000.714: require('dapui.elements.stacks')
079.210  000.177  000.177: require('dapui.components.frames')
079.211  000.276  000.098: require('dapui.components.threads')
079.366  000.145  000.145: require('dapui.elements.watches')
080.176  000.805  000.805: require('dapui.components.watches')
080.277  000.096  000.096: require('dapui.elements.hover')
080.380  000.064  000.064: require('dapui.components.hover')
080.441  000.059  000.059: require('dapui.elements.console')
080.528  014.415  001.261: require('dap.ext.vscode')
080.602  014.984  000.182: require('mason-nvim-dap.mappings.source')
082.574  000.068  000.068: require('luasnip.util.types')
082.575  001.111  001.043: require('luasnip.util.ext_opts')
082.763  000.056  000.056: require('luasnip.util.lazy_table')
082.821  000.057  000.057: require('luasnip.extras.filetype_functions')
082.825  000.184  000.071: require('luasnip.default_config')
082.826  000.250  000.066: require('luasnip.session')
082.827  001.806  000.444: require('luasnip.config')
083.419  000.157  000.157: require('vim.version')
083.874  000.672  000.515: require('luasnip.util.vimversion')
083.875  000.846  000.174: require('luasnip.util.util')
084.086  000.057  000.057: require('luasnip.nodes.key_indexer')
084.142  000.055  000.055: require('luasnip.util.feedkeys')
084.144  000.268  000.156: require('luasnip.nodes.util')
084.262  000.056  000.056: require('luasnip.session.snippet_collection.source')
084.316  000.054  000.054: require('luasnip.util.table')
084.371  000.054  000.054: require('luasnip.util.auto_table')
084.373  000.229  000.065: require('luasnip.session.snippet_collection')
084.567  000.062  000.062: require('luasnip.util.select')
084.619  000.052  000.052: require('luasnip.util.time')
084.790  000.345  000.231: require('luasnip.util._builtin_vars')
084.814  000.440  000.095: require('luasnip.util.environ')
084.877  000.062  000.062: require('luasnip.util.extend_decorator')
085.099  000.158  000.158: require('luasnip.util.path')
086.114  000.832  000.832: require('luasnip.util.log')
086.116  001.016  000.184: require('luasnip.loaders.util')
086.193  000.077  000.077: require('luasnip.loaders.data')
086.376  000.182  000.182: require('luasnip.loaders.fs_watchers')
086.377  001.499  000.067: require('luasnip.loaders')
086.384  003.555  000.210: require('luasnip')
086.399  005.722  000.361: sourcing /Users/tieppo/.local/share/nvim/lazy/LuaSnip/plugin/luasnip.lua
086.401  005.749  000.027: sourcing nvim_exec2() called at /Users/tieppo/.config/nvim/init.lua:0
086.551  000.122  000.122: sourcing /Users/tieppo/.local/share/nvim/lazy/LuaSnip/plugin/luasnip.vim
086.552  000.149  000.026: sourcing nvim_exec2() called at /Users/tieppo/.config/nvim/init.lua:0
086.554  000.001  000.001: sourcing nvim_exec2() called at /Users/tieppo/.config/nvim/init.lua:0
086.558  000.001  000.001: sourcing nvim_exec2() called at /Users/tieppo/.config/nvim/init.lua:0
086.806  000.079  000.079: require('luasnip.util.directed_graph')
086.861  000.054  000.054: require('luasnip.session.enqueueable_operations')
086.863  000.303  000.170: require('luasnip.loaders.from_lua')
087.526  000.238  000.238: sourcing /Users/tieppo/.local/share/nvim/lazy/vim-visual-multi/autoload/vm/plugs.vim
088.049  000.417  000.417: sourcing /Users/tieppo/.local/share/nvim/lazy/vim-visual-multi/autoload/vm/maps.vim
088.293  000.200  000.200: sourcing /Users/tieppo/.local/share/nvim/lazy/vim-visual-multi/autoload/vm/maps/all.vim
088.627  001.616  000.760: sourcing /Users/tieppo/.local/share/nvim/lazy/vim-visual-multi/plugin/visual-multi.vim
088.628  001.640  000.024: sourcing nvim_exec2() called at /Users/tieppo/.config/nvim/init.lua:0
088.631  000.001  000.001: sourcing nvim_exec2() called at /Users/tieppo/.config/nvim/init.lua:0
088.636  000.001  000.001: sourcing nvim_exec2() called at /Users/tieppo/.config/nvim/init.lua:0
088.663  000.001  000.001: sourcing nvim_exec2() called at /Users/tieppo/.config/nvim/init.lua:0
088.666  000.000  000.000: sourcing nvim_exec2() called at /Users/tieppo/.config/nvim/init.lua:0
088.793  000.065  000.065: sourcing /opt/homebrew/Cellar/neovim/0.11.6/share/nvim/runtime/plugin/editorconfig.lua
088.795  000.091  000.025: sourcing nvim_exec2() called at /Users/tieppo/.config/nvim/init.lua:0
088.988  000.169  000.169: sourcing /opt/homebrew/Cellar/neovim/0.11.6/share/nvim/runtime/plugin/gzip.vim
088.990  000.194  000.025: sourcing nvim_exec2() called at /Users/tieppo/.config/nvim/init.lua:0
089.084  000.059  000.059: sourcing /opt/homebrew/Cellar/neovim/0.11.6/share/nvim/runtime/plugin/man.lua
089.085  000.092  000.034: sourcing nvim_exec2() called at /Users/tieppo/.config/nvim/init.lua:0
090.371  000.858  000.858: sourcing /opt/homebrew/Cellar/neovim/0.11.6/share/nvim/runtime/pack/dist/opt/matchit/plugin/matchit.vim
090.383  001.268  000.409: sourcing /opt/homebrew/Cellar/neovim/0.11.6/share/nvim/runtime/plugin/matchit.vim
090.384  001.297  000.029: sourcing nvim_exec2() called at /Users/tieppo/.config/nvim/init.lua:0
091.250  000.828  000.828: sourcing /opt/homebrew/Cellar/neovim/0.11.6/share/nvim/runtime/plugin/matchparen.vim
091.251  000.864  000.036: sourcing nvim_exec2() called at /Users/tieppo/.config/nvim/init.lua:0
091.817  000.248  000.248: sourcing /opt/homebrew/Cellar/neovim/0.11.6/share/nvim/runtime/pack/dist/opt/netrw/plugin/netrwPlugin.vim
091.823  000.542  000.295: sourcing /opt/homebrew/Cellar/neovim/0.11.6/share/nvim/runtime/plugin/netrwPlugin.vim
091.824  000.571  000.028: sourcing nvim_exec2() called at /Users/tieppo/.config/nvim/init.lua:0
091.983  000.128  000.128: sourcing /opt/homebrew/Cellar/neovim/0.11.6/share/nvim/runtime/plugin/osc52.lua
091.985  000.159  000.031: sourcing nvim_exec2() called at /Users/tieppo/.config/nvim/init.lua:0
092.105  000.074  000.074: sourcing /opt/homebrew/Cellar/neovim/0.11.6/share/nvim/runtime/plugin/rplugin.vim
092.106  000.110  000.036: sourcing nvim_exec2() called at /Users/tieppo/.config/nvim/init.lua:0
092.178  000.038  000.038: sourcing /opt/homebrew/Cellar/neovim/0.11.6/share/nvim/runtime/plugin/shada.vim
092.179  000.070  000.032: sourcing nvim_exec2() called at /Users/tieppo/.config/nvim/init.lua:0
092.320  000.110  000.110: sourcing /opt/homebrew/Cellar/neovim/0.11.6/share/nvim/runtime/plugin/spellfile.vim
092.321  000.141  000.031: sourcing nvim_exec2() called at /Users/tieppo/.config/nvim/init.lua:0
092.529  000.178  000.178: sourcing /opt/homebrew/Cellar/neovim/0.11.6/share/nvim/runtime/plugin/tarPlugin.vim
092.530  000.207  000.028: sourcing nvim_exec2() called at /Users/tieppo/.config/nvim/init.lua:0
093.120  000.557  000.557: sourcing /opt/homebrew/Cellar/neovim/0.11.6/share/nvim/runtime/plugin/tohtml.lua
093.121  000.587  000.030: sourcing nvim_exec2() called at /Users/tieppo/.config/nvim/init.lua:0
093.244  000.082  000.082: sourcing /opt/homebrew/Cellar/neovim/0.11.6/share/nvim/runtime/plugin/tutor.vim
093.245  000.121  000.040: sourcing nvim_exec2() called at /Users/tieppo/.config/nvim/init.lua:0
093.338  000.058  000.058: sourcing /opt/homebrew/Cellar/neovim/0.11.6/share/nvim/runtime/plugin/zipPlugin.vim
093.339  000.092  000.035: sourcing nvim_exec2() called at /Users/tieppo/.config/nvim/init.lua:0
093.391  087.521  021.792: sourcing /Users/tieppo/.config/nvim/init.lua
093.395  000.617: sourcing vimrc file(s)
093.400  000.004: inits 3
093.967  000.568: reading ShaDa
095.655  000.055  000.055: require('luasnip.util.events')
095.659  000.239  000.184: require('luasnip.nodes.node')
095.774  000.115  000.115: require('luasnip.nodes.insertNode')
095.836  000.061  000.061: require('luasnip.nodes.textNode')
095.895  000.058  000.058: require('luasnip.util.mark')
095.969  000.062  000.062: require('luasnip.util.pattern_tokenizer')
096.068  000.098  000.098: require('luasnip.util.dict')
098.166  000.004  000.004: require('jsregexp.core')
098.167  000.073  000.069: require('luasnip-jsregexp')
098.172  001.931  001.858: require('luasnip.util.jsregexp')
098.173  002.105  000.173: require('luasnip.nodes.util.trig_engines')
098.200  003.731  000.991: require('luasnip.nodes.snippet')
098.201  003.846  000.115: require('luasnip.nodes.duplicate')
098.202  003.975  000.129: require('luasnip.loaders.snippet_cache')
098.205  004.194  000.219: require('luasnip.loaders.from_snipmate')
098.618  000.057  000.057: require('luasnip.util.parser.neovim_ast')
098.676  000.057  000.057: require('luasnip.util.str')
098.678  000.178  000.064: require('luasnip.util.parser.ast_utils')
098.781  000.102  000.102: require('luasnip.nodes.functionNode')
098.961  000.180  000.180: require('luasnip.nodes.choiceNode')
099.081  000.119  000.119: require('luasnip.nodes.dynamicNode')
099.138  000.056  000.056: require('luasnip.util.functions')
099.140  000.704  000.068: require('luasnip.util.parser.ast_parser')
099.933  000.793  000.793: require('luasnip.util.parser.neovim_parser')
099.936  001.561  000.064: require('luasnip.util.parser')
100.016  000.080  000.080: require('luasnip.nodes.snippetProxy')
100.110  000.093  000.093: require('luasnip.util.jsonc')
100.113  001.907  000.174: require('luasnip.loaders.from_vscode')
100.146  000.077: opening buffers
100.157  000.011: BufEnter autocommands
100.158  000.001: editing files in windows
100.623  000.142  000.142: sourcing /Users/tieppo/.local/share/nvim/lazy/plenary.nvim/plugin/plenary.vim
100.624  000.171  000.029: sourcing nvim_exec2() called at VimEnter Autocommands for "*":0
100.627  000.001  000.001: sourcing nvim_exec2() called at VimEnter Autocommands for "*":0
100.631  000.000  000.000: sourcing nvim_exec2() called at VimEnter Autocommands for "*":0
100.745  000.001  000.001: sourcing nvim_exec2() called at VimEnter Autocommands for "*":0
100.747  000.000  000.000: sourcing nvim_exec2() called at VimEnter Autocommands for "*":0
100.849  000.001  000.001: sourcing nvim_exec2() called at VimEnter Autocommands for "*":0
100.852  000.000  000.000: sourcing nvim_exec2() called at VimEnter Autocommands for "*":0
101.002  000.103  000.103: sourcing /Users/tieppo/.local/share/nvim/lazy/telescope.nvim/plugin/telescope.lua
101.004  000.130  000.027: sourcing nvim_exec2() called at VimEnter Autocommands for "*":0
101.006  000.001  000.001: sourcing nvim_exec2() called at VimEnter Autocommands for "*":0
101.010  000.000  000.000: sourcing nvim_exec2() called at VimEnter Autocommands for "*":0
101.529  000.084  000.084: require('telescope._extensions')
101.530  000.517  000.433: require('telescope')
101.594  000.062  000.062: require('telescope.themes')
102.126  000.062  000.062: require('plenary.bit')
102.181  000.055  000.055: require('plenary.functional')
102.192  000.318  000.202: require('plenary.path')
102.200  000.385  000.067: require('plenary.strings')
102.412  000.085  000.085: require('plenary.log')
102.421  000.151  000.065: require('telescope.log')
103.573  000.079  000.079: require('plenary.compat')
103.576  000.957  000.878: require('plenary.job')
103.642  000.066  000.066: require('telescope.state')
103.709  000.061  000.061: require('vim.hl')
105.527  000.062  000.062: require('vim.treesitter.language')
105.587  000.060  000.060: require('vim.func')
105.646  000.057  000.057: require('vim.func._memoize')
105.656  000.415  000.236: require('vim.treesitter.query')
105.714  000.058  000.058: require('vim.treesitter._range')
105.719  001.801  001.328: require('vim.treesitter.languagetree')
105.721  002.008  000.207: require('vim.treesitter')
105.724  003.302  000.210: require('telescope.utils')
105.726  003.525  000.072: require('telescope.sorters')
106.513  004.905  000.995: require('telescope.config')
107.436  000.360  000.360: require('fzf_lib')
107.438  000.448  000.088: require('telescope._extensions.fzf')
107.534  000.092  000.092: require('telescope._extensions.ui-select')
108.226  000.063  000.063: require('plenary.tbl')
108.227  000.135  000.072: require('plenary.vararg.rotate')
108.228  000.198  000.063: require('plenary.vararg')
108.287  000.059  000.059: require('plenary.errors')
108.289  000.352  000.095: require('plenary.async.async')
108.540  000.065  000.065: require('plenary.async.structs')
108.544  000.133  000.068: require('plenary.async.control')
108.547  000.198  000.065: require('plenary.async.util')
108.548  000.259  000.060: require('plenary.async.tests')
108.549  000.714  000.103: require('plenary.async')
108.709  000.084  000.084: require('plenary.window.border')
108.772  000.062  000.062: require('plenary.window')
108.847  000.075  000.075: require('plenary.popup.utils')
108.849  000.300  000.080: require('plenary.popup')
109.268  000.158  000.158: require('telescope.pickers.scroller')
109.408  000.139  000.139: require('telescope.actions.state')
109.483  000.075  000.075: require('telescope.actions.utils')
109.644  000.083  000.083: require('telescope.actions.mt')
109.657  000.174  000.091: require('telescope.actions.set')
109.804  000.077  000.077: require('telescope.config.resolve')
109.806  000.148  000.071: require('telescope.pickers.entry_display')
109.871  000.065  000.065: require('telescope.from_entry')
110.039  001.189  000.430: require('telescope.actions')
110.121  000.081  000.081: require('telescope.debounce')
110.260  000.138  000.138: require('telescope.mappings')
110.337  000.076  000.076: require('telescope.pickers.highlights')
110.409  000.071  000.071: require('telescope.pickers.window')
110.477  000.068  000.068: require('telescope.pickers.layout')
110.655  000.080  000.080: require('telescope.algos.linked_list')
110.656  000.179  000.099: require('telescope.entry_manager')
110.723  000.066  000.066: require('telescope.pickers.multi')
110.733  003.198  000.316: require('telescope.pickers')
111.067  000.263  000.263: require('telescope.make_entry')
111.183  000.115  000.115: require('telescope.finders.async_static_finder')
111.386  000.063  000.063: require('plenary.class')
111.392  000.141  000.079: require('telescope._')
111.393  000.209  000.068: require('telescope.finders.async_oneshot_finder')
111.458  000.065  000.065: require('telescope.finders.async_job_finder')
111.461  000.728  000.076: require('telescope.finders')
111.578  000.111  000.111: require('telescope.builtin')
111.678  001.155: VimEnter autocommands
112.647  000.277  000.277: require('snacks.util')
112.660  000.968  000.691: require('snacks.dashboard')
114.372  000.116  000.116: require('snacks.util.job')
114.865  000.221  000.221: require('snacks.git')
119.189  000.867  000.867: require('editorconfig')
121.439  000.138  000.138: require('vim.termcap')
121.476  000.027  000.027: require('vim.text')
121.487  007.472: UIEnter autocommands
121.489  000.002: before starting main loop
121.608  000.001  000.001: sourcing nvim_exec2() called at CursorMoved Autocommands for "*":0
121.614  000.001  000.001: sourcing nvim_exec2() called at CursorMoved Autocommands for "*":0
122.146  000.507  000.507: require('scrollEOF')
123.567  001.570: first screen update
123.568  000.001: --- NVIM STARTED ---

